.venv/bin/python -m ruff check --fix .
All checks passed!
.venv/bin/python -m ruff check .
All checks passed!
.venv/bin/python -m pyright
/home/glen/Documents/Projects/cyclemcpserver/mcp_server.py
  /home/glen/Documents/Projects/cyclemcpserver/mcp_server.py:145:20 - error: Argument of type "str" cannot be assigned to parameter "issuer_url" of type "AnyHttpUrl" in function "__init__"
    "str" is not assignable to "AnyHttpUrl" (reportArgumentType)
  /home/glen/Documents/Projects/cyclemcpserver/mcp_server.py:146:29 - error: Argument of type "str" cannot be assigned to parameter "resource_server_url" of type "AnyHttpUrl | None" in function "__init__"
    Type "str" is not assignable to type "AnyHttpUrl | None"
      "str" is not assignable to "AnyHttpUrl"
      "str" is not assignable to "None" (reportArgumentType)
  /home/glen/Documents/Projects/cyclemcpserver/mcp_server.py:162:15 - error: Argument of type "str" cannot be assigned to parameter "log_level" of type "Literal['DEBUG', 'INFO', 'WARNING', 'ERROR', 'CRITICAL']" in function "__init__"
    Type "str" is not assignable to type "Literal['DEBUG', 'INFO', 'WARNING', 'ERROR', 'CRITICAL']"
      "str" is not assignable to type "Literal['DEBUG']"
      "str" is not assignable to type "Literal['INFO']"
      "str" is not assignable to type "Literal['WARNING']"
      "str" is not assignable to type "Literal['ERROR']"
      "str" is not assignable to type "Literal['CRITICAL']" (reportArgumentType)
  /home/glen/Documents/Projects/cyclemcpserver/mcp_server.py:545:27 - error: Argument of type "float" cannot be assigned to parameter "object" of type "str" in function "append"
    "float" is not assignable to "str" (reportArgumentType)
  /home/glen/Documents/Projects/cyclemcpserver/mcp_server.py:548:27 - error: Argument of type "float" cannot be assigned to parameter "object" of type "str" in function "append"
    "float" is not assignable to "str" (reportArgumentType)
  /home/glen/Documents/Projects/cyclemcpserver/mcp_server.py:554:27 - error: Argument of type "float" cannot be assigned to parameter "object" of type "str" in function "append"
    "float" is not assignable to "str" (reportArgumentType)
  /home/glen/Documents/Projects/cyclemcpserver/mcp_server.py:557:27 - error: Argument of type "float" cannot be assigned to parameter "object" of type "str" in function "append"
    "float" is not assignable to "str" (reportArgumentType)
  /home/glen/Documents/Projects/cyclemcpserver/mcp_server.py:567:27 - error: Argument of type "int" cannot be assigned to parameter "object" of type "str" in function "append"
    "int" is not assignable to "str" (reportArgumentType)
  /home/glen/Documents/Projects/cyclemcpserver/mcp_server.py:602:31 - error: Argument of type "int" cannot be assigned to parameter "object" of type "str" in function "append"
    "int" is not assignable to "str" (reportArgumentType)
  /home/glen/Documents/Projects/cyclemcpserver/mcp_server.py:783:23 - error: Argument of type "int" cannot be assigned to parameter "object" of type "str" in function "append"
    "int" is not assignable to "str" (reportArgumentType)
  /home/glen/Documents/Projects/cyclemcpserver/mcp_server.py:1527:17 - error: Object of type "None" is not subscriptable (reportOptionalSubscript)
/home/glen/Documents/Projects/cyclemcpserver/sync.py
  /home/glen/Documents/Projects/cyclemcpserver/sync.py:187:32 - error: "cursor" is not a known attribute of "None" (reportOptionalMemberAccess)
  /home/glen/Documents/Projects/cyclemcpserver/sync.py:198:27 - error: Object of type "None" is not subscriptable (reportOptionalSubscript)
  /home/glen/Documents/Projects/cyclemcpserver/sync.py:199:23 - error: "commit" is not a known attribute of "None" (reportOptionalMemberAccess)
  /home/glen/Documents/Projects/cyclemcpserver/sync.py:219:31 - error: "commit" is not a known attribute of "None" (reportOptionalMemberAccess)
  /home/glen/Documents/Projects/cyclemcpserver/sync.py:221:23 - error: "commit" is not a known attribute of "None" (reportOptionalMemberAccess)
  /home/glen/Documents/Projects/cyclemcpserver/sync.py:237:23 - error: "commit" is not a known attribute of "None" (reportOptionalMemberAccess)
/home/glen/Documents/Projects/cyclemcpserver/sync_routines.py
  /home/glen/Documents/Projects/cyclemcpserver/sync_routines.py:164:32 - error: "cursor" is not a known attribute of "None" (reportOptionalMemberAccess)
  /home/glen/Documents/Projects/cyclemcpserver/sync_routines.py:184:31 - error: "commit" is not a known attribute of "None" (reportOptionalMemberAccess)
  /home/glen/Documents/Projects/cyclemcpserver/sync_routines.py:186:23 - error: "commit" is not a known attribute of "None" (reportOptionalMemberAccess)
/home/glen/Documents/Projects/cyclemcpserver/sync_trackfeedback.py
  /home/glen/Documents/Projects/cyclemcpserver/sync_trackfeedback.py:129:32 - error: "cursor" is not a known attribute of "None" (reportOptionalMemberAccess)
  /home/glen/Documents/Projects/cyclemcpserver/sync_trackfeedback.py:147:31 - error: "commit" is not a known attribute of "None" (reportOptionalMemberAccess)
  /home/glen/Documents/Projects/cyclemcpserver/sync_trackfeedback.py:149:23 - error: "commit" is not a known attribute of "None" (reportOptionalMemberAccess)
/home/glen/Documents/Projects/cyclemcpserver/webapp_api.py
  /home/glen/Documents/Projects/cyclemcpserver/webapp_api.py:180:62 - error: Argument of type "str" cannot be assigned to parameter "uri" of type "AnyUrl" in function "read_resource"
    "str" is not assignable to "AnyUrl" (reportArgumentType)
  /home/glen/Documents/Projects/cyclemcpserver/webapp_api.py:198:58 - error: Argument of type "str" cannot be assigned to parameter "uri" of type "AnyUrl" in function "read_resource"
    "str" is not assignable to "AnyUrl" (reportArgumentType)
25 errors, 0 warnings, 0 informations
make: *** [Makefile:18: typecheck] Error 1
